<?xml version="1.0" encoding="UTF-8"?>
<!-- Generated by org.testng.reporters.JUnitXMLReporter -->
<testsuite ignored="0" hostname="pankaj" failures="0" tests="6" name="Default test" time="0.045" errors="0" timestamp="29 May 2018 07:46:35 GMT">
  <testcase classname="com.journaldev.utils.TestUtils" name="test_add" time="0.009"/>
  <testcase classname="com.journaldev.utils.TestUtils" name="test_add" time="0.002"/>
  <testcase classname="com.journaldev.utils.TestUtils" name="test_subtract" time="0.002"/>
  <testcase classname="com.journaldev.utils.TestUtils" name="test_subtract" time="0.001"/>
  <testcase classname="com.journaldev.utils.TestUtils" name="test_setName" time="0.001"/>
  <testcase classname="com.journaldev.utils.TestUtils" name="test_setName" time="0.001"/>
</testsuite> <!-- Default test -->
