<?xml version="1.0" encoding="UTF-8"?>
<testng-results ignored="0" total="2" passed="2" failed="0" skipped="0">
  <reporter-output>
  </reporter-output>
  <suite started-at="2018-05-31T08:50:18Z" name="Default suite" finished-at="2018-05-31T08:50:18Z" duration-ms="27">
    <groups>
    </groups>
    <test started-at="2018-05-31T08:50:18Z" name="Default test" finished-at="2018-05-31T08:50:18Z" duration-ms="27">
      <class name="com.journaldev.parameters.TestParameters">
        <test-method is-config="true" signature="beforeSuite(java.lang.String)[pri:0, instance:com.journaldev.parameters.TestParameters@30ee2816]" started-at="2018-05-31T08:50:18Z" name="beforeSuite" finished-at="2018-05-31T08:50:18Z" duration-ms="20" status="PASS">
          <params>
            <param index="0">
              <value>
                <![CDATA[My Before Suite Parameter]]>
              </value>
            </param>
          </params>
          <reporter-output>
          </reporter-output>
        </test-method> <!-- beforeSuite -->
        <test-method signature="multipleParameterTest(int, java.lang.String)[pri:0, instance:com.journaldev.parameters.TestParameters@30ee2816]" started-at="2018-05-31T08:50:18Z" name="multipleParameterTest" finished-at="2018-05-31T08:50:18Z" duration-ms="14" status="PASS">
          <params>
            <param index="0">
              <value>
                <![CDATA[100]]>
              </value>
            </param>
            <param index="1">
              <value>
                <![CDATA[JournalDev]]>
              </value>
            </param>
          </params>
          <reporter-output>
          </reporter-output>
        </test-method> <!-- multipleParameterTest -->
        <test-method signature="singleParameterTest(java.lang.String)[pri:0, instance:com.journaldev.parameters.TestParameters@30ee2816]" started-at="2018-05-31T08:50:18Z" name="singleParameterTest" finished-at="2018-05-31T08:50:18Z" duration-ms="0" status="PASS">
          <params>
            <param index="0">
              <value>
                <![CDATA[Pankaj]]>
              </value>
            </param>
          </params>
          <reporter-output>
          </reporter-output>
        </test-method> <!-- singleParameterTest -->
        <test-method is-config="true" signature="afterSuite(java.lang.String)[pri:0, instance:com.journaldev.parameters.TestParameters@30ee2816]" started-at="2018-05-31T08:50:18Z" name="afterSuite" finished-at="2018-05-31T08:50:18Z" duration-ms="2" status="PASS">
          <params>
            <param index="0">
              <value>
                <![CDATA[Default Parameter]]>
              </value>
            </param>
          </params>
          <reporter-output>
          </reporter-output>
        </test-method> <!-- afterSuite -->
      </class> <!-- com.journaldev.parameters.TestParameters -->
    </test> <!-- Default test -->
  </suite> <!-- Default suite -->
</testng-results>
